Analysis & Synthesis report for DHT11
Sat Mar 02 03:25:35 2024
Quartus II Version 9.1 Build 304 01/25/2010 Service Pack 1 SJ Web Edition


---------------------
; Table of Contents ;
---------------------
  1. Legal Notice
  2. Analysis & Synthesis Summary
  3. Analysis & Synthesis Settings
  4. Parallel Compilation
  5. Analysis & Synthesis Source Files Read
  6. Analysis & Synthesis Resource Usage Summary
  7. Analysis & Synthesis Resource Utilization by Entity
  8. Registers Removed During Synthesis
  9. Source assignments for lpm_counter:freq_rtl_0
 10. Source assignments for lpm_add_sub:Add0|addcore:adder[2]
 11. Source assignments for lpm_add_sub:Add0|addcore:adder[1]
 12. Source assignments for lpm_add_sub:Add0|addcore:adder[0]
 13. Parameter Settings for User Entity Instance: Top-level Entity: |DHT11
 14. Parameter Settings for Inferred Entity Instance: lpm_counter:freq_rtl_0
 15. Parameter Settings for Inferred Entity Instance: lpm_add_sub:Add0
 16. Analysis & Synthesis Messages



----------------
; Legal Notice ;
----------------
Copyright (C) 1991-2010 Altera Corporation
Your use of Altera Corporation's design tools, logic functions 
and other software and tools, and its AMPP partner logic 
functions, and any output files from any of the foregoing 
(including device programming or simulation files), and any 
associated documentation or information are expressly subject 
to the terms and conditions of the Altera Program License 
Subscription Agreement, Altera MegaCore Function License 
Agreement, or other applicable license agreement, including, 
without limitation, that your use is for the sole purpose of 
programming logic devices manufactured by Altera and sold by 
Altera or its authorized distributors.  Please refer to the 
applicable agreement for further details.



+----------------------------------------------------------------------------+
; Analysis & Synthesis Summary                                               ;
+-----------------------------+----------------------------------------------+
; Analysis & Synthesis Status ; Successful - Sat Mar 02 03:25:35 2024        ;
; Quartus II Version          ; 9.1 Build 304 01/25/2010 SP 1 SJ Web Edition ;
; Revision Name               ; DHT11                                        ;
; Top-level Entity Name       ; DHT11                                        ;
; Family                      ; MAX3000A                                     ;
; Total macrocells            ; 48                                           ;
; Total pins                  ; 15                                           ;
+-----------------------------+----------------------------------------------+


+--------------------------------------------------------------------------------------------------------------+
; Analysis & Synthesis Settings                                                                                ;
+----------------------------------------------------------------------------+-----------------+---------------+
; Option                                                                     ; Setting         ; Default Value ;
+----------------------------------------------------------------------------+-----------------+---------------+
; Device                                                                     ; EPM3064ALC44-10 ;               ;
; Top-level entity name                                                      ; DHT11           ; DHT11         ;
; Family name                                                                ; MAX3000A        ; Stratix II    ;
; Use Generated Physical Constraints File                                    ; Off             ;               ;
; Use smart compilation                                                      ; Off             ; Off           ;
; Enable parallel Assembler and TimeQuest Timing Analyzer during compilation ; On              ; On            ;
; Enable compact report table                                                ; Off             ; Off           ;
; Create Debugging Nodes for IP Cores                                        ; Off             ; Off           ;
; Preserve fewer node names                                                  ; On              ; On            ;
; Disable OpenCore Plus hardware evaluation                                  ; Off             ; Off           ;
; Verilog Version                                                            ; Verilog_2001    ; Verilog_2001  ;
; VHDL Version                                                               ; VHDL_1993       ; VHDL_1993     ;
; State Machine Processing                                                   ; Auto            ; Auto          ;
; Safe State Machine                                                         ; Off             ; Off           ;
; Extract Verilog State Machines                                             ; On              ; On            ;
; Extract VHDL State Machines                                                ; On              ; On            ;
; Ignore Verilog initial constructs                                          ; Off             ; Off           ;
; Iteration limit for constant Verilog loops                                 ; 5000            ; 5000          ;
; Iteration limit for non-constant Verilog loops                             ; 250             ; 250           ;
; Add Pass-Through Logic to Inferred RAMs                                    ; On              ; On            ;
; Parallel Synthesis                                                         ; On              ; On            ;
; NOT Gate Push-Back                                                         ; On              ; On            ;
; Power-Up Don't Care                                                        ; On              ; On            ;
; Remove Duplicate Registers                                                 ; On              ; On            ;
; Ignore CARRY Buffers                                                       ; Off             ; Off           ;
; Ignore CASCADE Buffers                                                     ; Off             ; Off           ;
; Ignore GLOBAL Buffers                                                      ; Off             ; Off           ;
; Ignore ROW GLOBAL Buffers                                                  ; Off             ; Off           ;
; Ignore LCELL Buffers                                                       ; Auto            ; Auto          ;
; Ignore SOFT Buffers                                                        ; Off             ; Off           ;
; Limit AHDL Integers to 32 Bits                                             ; Off             ; Off           ;
; Optimization Technique                                                     ; Speed           ; Speed         ;
; Allow XOR Gate Usage                                                       ; On              ; On            ;
; Auto Logic Cell Insertion                                                  ; On              ; On            ;
; Parallel Expander Chain Length                                             ; 4               ; 4             ;
; Auto Parallel Expanders                                                    ; On              ; On            ;
; Auto Open-Drain Pins                                                       ; On              ; On            ;
; Auto Resource Sharing                                                      ; Off             ; Off           ;
; Maximum Fan-in Per Macrocell                                               ; 100             ; 100           ;
; Use LogicLock Constraints during Resource Balancing                        ; On              ; On            ;
; Ignore translate_off and synthesis_off directives                          ; Off             ; Off           ;
; Show Parameter Settings Tables in Synthesis Report                         ; On              ; On            ;
; HDL message level                                                          ; Level2          ; Level2        ;
; Suppress Register Optimization Related Messages                            ; Off             ; Off           ;
; Number of Removed Registers Reported in Synthesis Report                   ; 5000            ; 5000          ;
; Number of Inverted Registers Reported in Synthesis Report                  ; 100             ; 100           ;
; Block Design Naming                                                        ; Auto            ; Auto          ;
; Synthesis Effort                                                           ; Auto            ; Auto          ;
; Shift Register Replacement - Allow Asynchronous Clear Signal               ; On              ; On            ;
; Analysis & Synthesis Message Level                                         ; Medium          ; Medium        ;
; Disable Register Merging Across Hierarchies                                ; Auto            ; Auto          ;
+----------------------------------------------------------------------------+-----------------+---------------+


Parallel compilation was disabled, but you have multiple processors available. Enable parallel compilation to reduce compilation time.
+-------------------------------------+
; Parallel Compilation                ;
+----------------------------+--------+
; Processors                 ; Number ;
+----------------------------+--------+
; Number detected on machine ; 8      ;
; Maximum allowed            ; 1      ;
+----------------------------+--------+


+---------------------------------------------------------------------------------------------------------------------------------------------------+
; Analysis & Synthesis Source Files Read                                                                                                            ;
+----------------------------------+-----------------+------------------------+---------------------------------------------------------------------+
; File Name with User-Entered Path ; Used in Netlist ; File Type              ; File Name with Absolute Path                                        ;
+----------------------------------+-----------------+------------------------+---------------------------------------------------------------------+
; DHT11.v                          ; yes             ; User Verilog HDL File  ; C:/Users/psplo/OneDrive/орн▒/0226/DHT11/DHT11.v                     ;
; lpm_counter.tdf                  ; yes             ; Megafunction           ; d:/iot/altera/91sp1/quartus/libraries/megafunctions/lpm_counter.tdf ;
; lpm_add_sub.tdf                  ; yes             ; Megafunction           ; d:/iot/altera/91sp1/quartus/libraries/megafunctions/lpm_add_sub.tdf ;
; addcore.tdf                      ; yes             ; Megafunction           ; d:/iot/altera/91sp1/quartus/libraries/megafunctions/addcore.tdf     ;
; a_csnbuffer.tdf                  ; yes             ; Megafunction           ; d:/iot/altera/91sp1/quartus/libraries/megafunctions/a_csnbuffer.tdf ;
; look_add.tdf                     ; yes             ; Megafunction           ; d:/iot/altera/91sp1/quartus/libraries/megafunctions/look_add.tdf    ;
; altshift.tdf                     ; yes             ; Megafunction           ; d:/iot/altera/91sp1/quartus/libraries/megafunctions/altshift.tdf    ;
+----------------------------------+-----------------+------------------------+---------------------------------------------------------------------+


+---------------------------------------------+
; Analysis & Synthesis Resource Usage Summary ;
+----------------------+----------------------+
; Resource             ; Usage                ;
+----------------------+----------------------+
; Logic cells          ; 48                   ;
; Total registers      ; 39                   ;
; I/O pins             ; 15                   ;
; Maximum fan-out node ; clk                  ;
; Maximum fan-out      ; 35                   ;
; Total fan-out        ; 372                  ;
; Average fan-out      ; 5.90                 ;
+----------------------+----------------------+


+------------------------------------------------------------------------------------------------+
; Analysis & Synthesis Resource Utilization by Entity                                            ;
+-----------------------------+------------+------+-------------------------------+--------------+
; Compilation Hierarchy Node  ; Macrocells ; Pins ; Full Hierarchy Name           ; Library Name ;
+-----------------------------+------------+------+-------------------------------+--------------+
; |DHT11                      ; 48         ; 15   ; |DHT11                        ; work         ;
;    |lpm_counter:freq_rtl_0| ; 12         ; 0    ; |DHT11|lpm_counter:freq_rtl_0 ; work         ;
+-----------------------------+------------+------+-------------------------------+--------------+


+--------------------------------------------------------------------------------+
; Registers Removed During Synthesis                                             ;
+---------------------------------------+----------------------------------------+
; Register name                         ; Reason for Removal                     ;
+---------------------------------------+----------------------------------------+
; digits[1]~reg0                        ; Stuck at GND due to stuck port data_in ;
; digits[0]~reg0                        ; Stuck at GND due to stuck port data_in ;
; digits[2]~reg0                        ; Stuck at GND due to stuck port data_in ;
; digits[3]~reg0                        ; Stuck at GND due to stuck port data_in ;
; LED[0]~reg0                           ; Stuck at VCC due to stuck port data_in ;
; LED[1]~reg0                           ; Stuck at VCC due to stuck port data_in ;
; LED[3]~reg0                           ; Stuck at VCC due to stuck port data_in ;
; LED[5]~reg0                           ; Stuck at VCC due to stuck port data_in ;
; LED[7]~reg0                           ; Stuck at VCC due to stuck port data_in ;
; Total Number of Removed Registers = 9 ;                                        ;
+---------------------------------------+----------------------------------------+


+-----------------------------------------------+
; Source assignments for lpm_counter:freq_rtl_0 ;
+---------------------------+-------+------+----+
; Assignment                ; Value ; From ; To ;
+---------------------------+-------+------+----+
; SUPPRESS_DA_RULE_INTERNAL ; a101  ; -    ; -  ;
; SUPPRESS_DA_RULE_INTERNAL ; s102  ; -    ; -  ;
; SUPPRESS_DA_RULE_INTERNAL ; s103  ; -    ; -  ;
+---------------------------+-------+------+----+


+----------------------------------------------------------+
; Source assignments for lpm_add_sub:Add0|addcore:adder[2] ;
+---------------------------+-------+------+---------------+
; Assignment                ; Value ; From ; To            ;
+---------------------------+-------+------+---------------+
; SUPPRESS_DA_RULE_INTERNAL ; A103  ; -    ; -             ;
+---------------------------+-------+------+---------------+


+----------------------------------------------------------+
; Source assignments for lpm_add_sub:Add0|addcore:adder[1] ;
+---------------------------+-------+------+---------------+
; Assignment                ; Value ; From ; To            ;
+---------------------------+-------+------+---------------+
; SUPPRESS_DA_RULE_INTERNAL ; A103  ; -    ; -             ;
+---------------------------+-------+------+---------------+


+----------------------------------------------------------+
; Source assignments for lpm_add_sub:Add0|addcore:adder[0] ;
+---------------------------+-------+------+---------------+
; Assignment                ; Value ; From ; To            ;
+---------------------------+-------+------+---------------+
; SUPPRESS_DA_RULE_INTERNAL ; A103  ; -    ; -             ;
+---------------------------+-------+------+---------------+


+-----------------------------------------------------------------------+
; Parameter Settings for User Entity Instance: Top-level Entity: |DHT11 ;
+----------------+-------+----------------------------------------------+
; Parameter Name ; Value ; Type                                         ;
+----------------+-------+----------------------------------------------+
; bounce         ; 20    ; Signed Integer                               ;
+----------------+-------+----------------------------------------------+
Note: In order to hide this table in the UI and the text report file, please set the "Show Parameter Settings Tables in Synthesis Report" option in "Analysis and Synthesis Settings -> More Settings" to "Off".


+-------------------------------------------------------------------------+
; Parameter Settings for Inferred Entity Instance: lpm_counter:freq_rtl_0 ;
+------------------------+-------------------+----------------------------+
; Parameter Name         ; Value             ; Type                       ;
+------------------------+-------------------+----------------------------+
; AUTO_CARRY_CHAINS      ; ON                ; AUTO_CARRY                 ;
; IGNORE_CARRY_BUFFERS   ; OFF               ; IGNORE_CARRY               ;
; AUTO_CASCADE_CHAINS    ; ON                ; AUTO_CASCADE               ;
; IGNORE_CASCADE_BUFFERS ; OFF               ; IGNORE_CASCADE             ;
; LPM_WIDTH              ; 12                ; Untyped                    ;
; LPM_DIRECTION          ; UP                ; Untyped                    ;
; LPM_MODULUS            ; 0                 ; Untyped                    ;
; LPM_AVALUE             ; UNUSED            ; Untyped                    ;
; LPM_SVALUE             ; UNUSED            ; Untyped                    ;
; LPM_PORT_UPDOWN        ; PORT_CONNECTIVITY ; Untyped                    ;
; DEVICE_FAMILY          ; MAX3000A          ; Untyped                    ;
; CARRY_CHAIN            ; MANUAL            ; Untyped                    ;
; CARRY_CHAIN_LENGTH     ; 48                ; CARRY_CHAIN_LENGTH         ;
; NOT_GATE_PUSH_BACK     ; ON                ; NOT_GATE_PUSH_BACK         ;
; CARRY_CNT_EN           ; SMART             ; Untyped                    ;
; LABWIDE_SCLR           ; ON                ; Untyped                    ;
; USE_NEW_VERSION        ; TRUE              ; Untyped                    ;
; CBXI_PARAMETER         ; NOTHING           ; Untyped                    ;
+------------------------+-------------------+----------------------------+
Note: In order to hide this table in the UI and the text report file, please set the "Show Parameter Settings Tables in Synthesis Report" option in "Analysis and Synthesis Settings -> More Settings" to "Off".


+-------------------------------------------------------------------+
; Parameter Settings for Inferred Entity Instance: lpm_add_sub:Add0 ;
+------------------------+-------------+----------------------------+
; Parameter Name         ; Value       ; Type                       ;
+------------------------+-------------+----------------------------+
; LPM_WIDTH              ; 20          ; Untyped                    ;
; LPM_REPRESENTATION     ; UNSIGNED    ; Untyped                    ;
; LPM_DIRECTION          ; ADD         ; Untyped                    ;
; ONE_INPUT_IS_CONSTANT  ; YES         ; Untyped                    ;
; LPM_PIPELINE           ; 0           ; Untyped                    ;
; MAXIMIZE_SPEED         ; 5           ; Untyped                    ;
; REGISTERED_AT_END      ; 0           ; Untyped                    ;
; OPTIMIZE_FOR_SPEED     ; 9           ; Untyped                    ;
; USE_CS_BUFFERS         ; 1           ; Untyped                    ;
; CARRY_CHAIN            ; MANUAL      ; Untyped                    ;
; CARRY_CHAIN_LENGTH     ; 48          ; CARRY_CHAIN_LENGTH         ;
; DEVICE_FAMILY          ; MAX3000A    ; Untyped                    ;
; USE_WYS                ; OFF         ; Untyped                    ;
; STYLE                  ; FAST        ; Untyped                    ;
; CBXI_PARAMETER         ; add_sub_foh ; Untyped                    ;
; AUTO_CARRY_CHAINS      ; ON          ; AUTO_CARRY                 ;
; IGNORE_CARRY_BUFFERS   ; OFF         ; IGNORE_CARRY               ;
; AUTO_CASCADE_CHAINS    ; ON          ; AUTO_CASCADE               ;
; IGNORE_CASCADE_BUFFERS ; OFF         ; IGNORE_CASCADE             ;
+------------------------+-------------+----------------------------+
Note: In order to hide this table in the UI and the text report file, please set the "Show Parameter Settings Tables in Synthesis Report" option in "Analysis and Synthesis Settings -> More Settings" to "Off".


+-------------------------------+
; Analysis & Synthesis Messages ;
+-------------------------------+
Info: *******************************************************************
Info: Running Quartus II Analysis & Synthesis
    Info: Version 9.1 Build 304 01/25/2010 Service Pack 1 SJ Web Edition
    Info: Processing started: Sat Mar 02 03:25:34 2024
Info: Command: quartus_map --read_settings_files=on --write_settings_files=off DHT11 -c DHT11
Info: Found 1 design units, including 1 entities, in source file dht11.v
    Info: Found entity 1: DHT11
Info: Elaborating entity "DHT11" for the top level hierarchy
Warning (10230): Verilog HDL assignment warning at DHT11.v(51): truncated value with size 32 to match size of target (12)
Info: Inferred 1 megafunctions from design logic
    Info: Inferred lpm_counter megafunction (LPM_WIDTH=12) from the following logic: "freq[0]~0"
Info: Inferred 1 megafunctions from design logic
    Info: Inferred adder/subtractor megafunction ("lpm_add_sub") from the following logic: "Add0"
Info: Elaborated megafunction instantiation "lpm_counter:freq_rtl_0"
Info: Instantiated megafunction "lpm_counter:freq_rtl_0" with the following parameter:
    Info: Parameter "LPM_WIDTH" = "12"
    Info: Parameter "LPM_DIRECTION" = "UP"
    Info: Parameter "LPM_TYPE" = "LPM_COUNTER"
Info: Elaborated megafunction instantiation "lpm_add_sub:Add0"
Info: Instantiated megafunction "lpm_add_sub:Add0" with the following parameter:
    Info: Parameter "LPM_WIDTH" = "20"
    Info: Parameter "LPM_DIRECTION" = "ADD"
    Info: Parameter "LPM_REPRESENTATION" = "UNSIGNED"
    Info: Parameter "ONE_INPUT_IS_CONSTANT" = "YES"
Info: Elaborated megafunction instantiation "lpm_add_sub:Add0|addcore:adder[2]", which is child of megafunction instantiation "lpm_add_sub:Add0"
Info: Elaborated megafunction instantiation "lpm_add_sub:Add0|addcore:adder[2]|a_csnbuffer:oflow_node", which is child of megafunction instantiation "lpm_add_sub:Add0"
Info: Elaborated megafunction instantiation "lpm_add_sub:Add0|addcore:adder[2]|a_csnbuffer:result_node", which is child of megafunction instantiation "lpm_add_sub:Add0"
Info: Elaborated megafunction instantiation "lpm_add_sub:Add0|addcore:adder[1]", which is child of megafunction instantiation "lpm_add_sub:Add0"
Info: Elaborated megafunction instantiation "lpm_add_sub:Add0|look_add:look_ahead_unit", which is child of megafunction instantiation "lpm_add_sub:Add0"
Info: Elaborated megafunction instantiation "lpm_add_sub:Add0|altshift:result_ext_latency_ffs", which is child of megafunction instantiation "lpm_add_sub:Add0"
Info: Elaborated megafunction instantiation "lpm_add_sub:Add0|altshift:carry_ext_latency_ffs", which is child of megafunction instantiation "lpm_add_sub:Add0"
Info: Ignored 20 buffer(s)
    Info: Ignored 20 SOFT buffer(s)
Warning: Output pins are stuck at VCC or GND
    Warning (13410): Pin "LED[0]" is stuck at VCC
    Warning (13410): Pin "LED[1]" is stuck at VCC
    Warning (13410): Pin "LED[3]" is stuck at VCC
    Warning (13410): Pin "LED[5]" is stuck at VCC
    Warning (13410): Pin "LED[7]" is stuck at VCC
    Warning (13410): Pin "digits[0]" is stuck at GND
    Warning (13410): Pin "digits[1]" is stuck at GND
    Warning (13410): Pin "digits[2]" is stuck at GND
    Warning (13410): Pin "digits[3]" is stuck at GND
Info: Promoted pin-driven signal(s) to global signal
    Info: Promoted clock signal driven by pin "clk" to global clock signal
Warning: Design contains 1 input pin(s) that do not drive logic
    Warning (15610): No output dependent on input pin "tempture"
Info: Implemented 63 device resources after synthesis - the final resource count might be different
    Info: Implemented 3 input pins
    Info: Implemented 12 output pins
    Info: Implemented 48 macrocells
Info: Quartus II Analysis & Synthesis was successful. 0 errors, 13 warnings
    Info: Peak virtual memory: 226 megabytes
    Info: Processing ended: Sat Mar 02 03:25:35 2024
    Info: Elapsed time: 00:00:01
    Info: Total CPU time (on all processors): 00:00:00


