Classic Timing Analyzer report for DHT11
Sat Mar 02 03:25:37 2024
Quartus II Version 9.1 Build 304 01/25/2010 Service Pack 1 SJ Web Edition


---------------------
; Table of Contents ;
---------------------
  1. Legal Notice
  2. Timing Analyzer Summary
  3. Timing Analyzer Settings
  4. Clock Settings Summary
  5. Parallel Compilation
  6. Clock Setup: 'clk'
  7. tsu
  8. tco
  9. th
 10. Timing Analyzer Messages



----------------
; Legal Notice ;
----------------
Copyright (C) 1991-2010 Altera Corporation
Your use of Altera Corporation's design tools, logic functions 
and other software and tools, and its AMPP partner logic 
functions, and any output files from any of the foregoing 
(including device programming or simulation files), and any 
associated documentation or information are expressly subject 
to the terms and conditions of the Altera Program License 
Subscription Agreement, Altera MegaCore Function License 
Agreement, or other applicable license agreement, including, 
without limitation, that your use is for the sole purpose of 
programming logic devices manufactured by Altera and sold by 
Altera or its authorized distributors.  Please refer to the 
applicable agreement for further details.



+------------------------------------------------------------------------------------------------------------------------------------------------------------+
; Timing Analyzer Summary                                                                                                                                    ;
+------------------------------+-------+---------------+----------------------------------+-------------+-------------+------------+----------+--------------+
; Type                         ; Slack ; Required Time ; Actual Time                      ; From        ; To          ; From Clock ; To Clock ; Failed Paths ;
+------------------------------+-------+---------------+----------------------------------+-------------+-------------+------------+----------+--------------+
; Worst-case tsu               ; N/A   ; None          ; 6.200 ns                         ; button      ; button_syn0 ; --         ; clk      ; 0            ;
; Worst-case tco               ; N/A   ; None          ; 13.500 ns                        ; LED[2]~reg0 ; LED[2]      ; clk        ; --       ; 0            ;
; Worst-case th                ; N/A   ; None          ; -2.000 ns                        ; button      ; button_syn0 ; --         ; clk      ; 0            ;
; Clock Setup: 'clk'           ; N/A   ; None          ; 98.04 MHz ( period = 10.200 ns ) ; turn        ; LED[6]~reg0 ; clk        ; clk      ; 0            ;
; Total number of failed paths ;       ;               ;                                  ;             ;             ;            ;          ; 0            ;
+------------------------------+-------+---------------+----------------------------------+-------------+-------------+------------+----------+--------------+


+-----------------------------------------------------------------------------------------------------------------------------------------------------+
; Timing Analyzer Settings                                                                                                                            ;
+------------------------------------------------------------------------------------------------------+--------------------+------+----+-------------+
; Option                                                                                               ; Setting            ; From ; To ; Entity Name ;
+------------------------------------------------------------------------------------------------------+--------------------+------+----+-------------+
; Device Name                                                                                          ; EPM3064ALC44-10    ;      ;    ;             ;
; Timing Models                                                                                        ; Final              ;      ;    ;             ;
; Default hold multicycle                                                                              ; Same as Multicycle ;      ;    ;             ;
; Cut paths between unrelated clock domains                                                            ; On                 ;      ;    ;             ;
; Cut off read during write signal paths                                                               ; On                 ;      ;    ;             ;
; Cut off feedback from I/O pins                                                                       ; On                 ;      ;    ;             ;
; Report Combined Fast/Slow Timing                                                                     ; Off                ;      ;    ;             ;
; Ignore Clock Settings                                                                                ; Off                ;      ;    ;             ;
; Analyze latches as synchronous elements                                                              ; On                 ;      ;    ;             ;
; Enable Recovery/Removal analysis                                                                     ; Off                ;      ;    ;             ;
; Enable Clock Latency                                                                                 ; Off                ;      ;    ;             ;
; Use TimeQuest Timing Analyzer                                                                        ; Off                ;      ;    ;             ;
; Minimum Core Junction Temperature                                                                    ; 0                  ;      ;    ;             ;
; Maximum Core Junction Temperature                                                                    ; 85                 ;      ;    ;             ;
; Number of source nodes to report per destination node                                                ; 10                 ;      ;    ;             ;
; Number of destination nodes to report                                                                ; 10                 ;      ;    ;             ;
; Number of paths to report                                                                            ; 200                ;      ;    ;             ;
; Report Minimum Timing Checks                                                                         ; Off                ;      ;    ;             ;
; Use Fast Timing Models                                                                               ; Off                ;      ;    ;             ;
; Report IO Paths Separately                                                                           ; Off                ;      ;    ;             ;
; Perform Multicorner Analysis                                                                         ; Off                ;      ;    ;             ;
; Reports the worst-case path for each clock domain and analysis                                       ; Off                ;      ;    ;             ;
; Reports worst-case timing paths for each clock domain and analysis                                   ; On                 ;      ;    ;             ;
; Specifies the maximum number of worst-case timing paths to report for each clock domain and analysis ; 100                ;      ;    ;             ;
; Removes common clock path pessimism (CCPP) during slack computation                                  ; Off                ;      ;    ;             ;
; Output I/O Timing Endpoint                                                                           ; Near End           ;      ;    ;             ;
+------------------------------------------------------------------------------------------------------+--------------------+------+----+-------------+


+------------------------------------------------------------------------------------------------------------------------------------------------------------------------------------+
; Clock Settings Summary                                                                                                                                                             ;
+-----------------+--------------------+----------+------------------+---------------+--------------+----------+-----------------------+---------------------+--------+--------------+
; Clock Node Name ; Clock Setting Name ; Type     ; Fmax Requirement ; Early Latency ; Late Latency ; Based on ; Multiply Base Fmax by ; Divide Base Fmax by ; Offset ; Phase offset ;
+-----------------+--------------------+----------+------------------+---------------+--------------+----------+-----------------------+---------------------+--------+--------------+
; clk             ;                    ; User Pin ; None             ; 0.000 ns      ; 0.000 ns     ; --       ; N/A                   ; N/A                 ; N/A    ;              ;
+-----------------+--------------------+----------+------------------+---------------+--------------+----------+-----------------------+---------------------+--------+--------------+


Parallel compilation was disabled, but you have multiple processors available. Enable parallel compilation to reduce compilation time.
+-------------------------------------+
; Parallel Compilation                ;
+----------------------------+--------+
; Processors                 ; Number ;
+----------------------------+--------+
; Number detected on machine ; 8      ;
; Maximum allowed            ; 1      ;
+----------------------------+--------+


+-------------------------------------------------------------------------------------------------------------------------------------------------------------------------------------------------------------------------------------------------------------------------------+
; Clock Setup: 'clk'                                                                                                                                                                                                                                                            ;
+-----------------------------------------+-----------------------------------------------------+---------------------------------+---------------------------------+------------+----------+-----------------------------+---------------------------+-------------------------+
; Slack                                   ; Actual fmax (period)                                ; From                            ; To                              ; From Clock ; To Clock ; Required Setup Relationship ; Required Longest P2P Time ; Actual Longest P2P Time ;
+-----------------------------------------+-----------------------------------------------------+---------------------------------+---------------------------------+------------+----------+-----------------------------+---------------------------+-------------------------+
; N/A                                     ; 98.04 MHz ( period = 10.200 ns )                    ; button_Init                     ; cnt[0]                          ; clk        ; clk      ; None                        ; None                      ; 5.700 ns                ;
; N/A                                     ; 98.04 MHz ( period = 10.200 ns )                    ; cnt[0]                          ; cnt[0]                          ; clk        ; clk      ; None                        ; None                      ; 5.700 ns                ;
; N/A                                     ; 98.04 MHz ( period = 10.200 ns )                    ; cnt[19]                         ; cnt[0]                          ; clk        ; clk      ; None                        ; None                      ; 5.700 ns                ;
; N/A                                     ; 98.04 MHz ( period = 10.200 ns )                    ; button_Init                     ; cnt[19]                         ; clk        ; clk      ; None                        ; None                      ; 5.700 ns                ;
; N/A                                     ; 98.04 MHz ( period = 10.200 ns )                    ; cnt[0]                          ; cnt[19]                         ; clk        ; clk      ; None                        ; None                      ; 5.700 ns                ;
; N/A                                     ; 98.04 MHz ( period = 10.200 ns )                    ; cnt[19]                         ; cnt[19]                         ; clk        ; clk      ; None                        ; None                      ; 5.700 ns                ;
; N/A                                     ; 98.04 MHz ( period = 10.200 ns )                    ; cnt[1]                          ; cnt[19]                         ; clk        ; clk      ; None                        ; None                      ; 5.700 ns                ;
; N/A                                     ; 98.04 MHz ( period = 10.200 ns )                    ; button_Init                     ; cnt[18]                         ; clk        ; clk      ; None                        ; None                      ; 5.700 ns                ;
; N/A                                     ; 98.04 MHz ( period = 10.200 ns )                    ; cnt[0]                          ; cnt[18]                         ; clk        ; clk      ; None                        ; None                      ; 5.700 ns                ;
; N/A                                     ; 98.04 MHz ( period = 10.200 ns )                    ; cnt[19]                         ; cnt[18]                         ; clk        ; clk      ; None                        ; None                      ; 5.700 ns                ;
; N/A                                     ; 98.04 MHz ( period = 10.200 ns )                    ; cnt[1]                          ; cnt[18]                         ; clk        ; clk      ; None                        ; None                      ; 5.700 ns                ;
; N/A                                     ; 98.04 MHz ( period = 10.200 ns )                    ; button_Init                     ; cnt[17]                         ; clk        ; clk      ; None                        ; None                      ; 5.700 ns                ;
; N/A                                     ; 98.04 MHz ( period = 10.200 ns )                    ; cnt[0]                          ; cnt[17]                         ; clk        ; clk      ; None                        ; None                      ; 5.700 ns                ;
; N/A                                     ; 98.04 MHz ( period = 10.200 ns )                    ; cnt[19]                         ; cnt[17]                         ; clk        ; clk      ; None                        ; None                      ; 5.700 ns                ;
; N/A                                     ; 98.04 MHz ( period = 10.200 ns )                    ; cnt[1]                          ; cnt[17]                         ; clk        ; clk      ; None                        ; None                      ; 5.700 ns                ;
; N/A                                     ; 98.04 MHz ( period = 10.200 ns )                    ; button_Init                     ; cnt[16]                         ; clk        ; clk      ; None                        ; None                      ; 5.700 ns                ;
; N/A                                     ; 98.04 MHz ( period = 10.200 ns )                    ; cnt[0]                          ; cnt[16]                         ; clk        ; clk      ; None                        ; None                      ; 5.700 ns                ;
; N/A                                     ; 98.04 MHz ( period = 10.200 ns )                    ; cnt[19]                         ; cnt[16]                         ; clk        ; clk      ; None                        ; None                      ; 5.700 ns                ;
; N/A                                     ; 98.04 MHz ( period = 10.200 ns )                    ; cnt[1]                          ; cnt[16]                         ; clk        ; clk      ; None                        ; None                      ; 5.700 ns                ;
; N/A                                     ; 98.04 MHz ( period = 10.200 ns )                    ; button_Init                     ; cnt[14]                         ; clk        ; clk      ; None                        ; None                      ; 5.700 ns                ;
; N/A                                     ; 98.04 MHz ( period = 10.200 ns )                    ; cnt[0]                          ; cnt[14]                         ; clk        ; clk      ; None                        ; None                      ; 5.700 ns                ;
; N/A                                     ; 98.04 MHz ( period = 10.200 ns )                    ; cnt[19]                         ; cnt[14]                         ; clk        ; clk      ; None                        ; None                      ; 5.700 ns                ;
; N/A                                     ; 98.04 MHz ( period = 10.200 ns )                    ; cnt[1]                          ; cnt[14]                         ; clk        ; clk      ; None                        ; None                      ; 5.700 ns                ;
; N/A                                     ; 98.04 MHz ( period = 10.200 ns )                    ; button_Init                     ; cnt[13]                         ; clk        ; clk      ; None                        ; None                      ; 5.700 ns                ;
; N/A                                     ; 98.04 MHz ( period = 10.200 ns )                    ; cnt[0]                          ; cnt[13]                         ; clk        ; clk      ; None                        ; None                      ; 5.700 ns                ;
; N/A                                     ; 98.04 MHz ( period = 10.200 ns )                    ; cnt[19]                         ; cnt[13]                         ; clk        ; clk      ; None                        ; None                      ; 5.700 ns                ;
; N/A                                     ; 98.04 MHz ( period = 10.200 ns )                    ; cnt[1]                          ; cnt[13]                         ; clk        ; clk      ; None                        ; None                      ; 5.700 ns                ;
; N/A                                     ; 98.04 MHz ( period = 10.200 ns )                    ; button_Init                     ; cnt[12]                         ; clk        ; clk      ; None                        ; None                      ; 5.700 ns                ;
; N/A                                     ; 98.04 MHz ( period = 10.200 ns )                    ; cnt[0]                          ; cnt[12]                         ; clk        ; clk      ; None                        ; None                      ; 5.700 ns                ;
; N/A                                     ; 98.04 MHz ( period = 10.200 ns )                    ; cnt[19]                         ; cnt[12]                         ; clk        ; clk      ; None                        ; None                      ; 5.700 ns                ;
; N/A                                     ; 98.04 MHz ( period = 10.200 ns )                    ; cnt[1]                          ; cnt[12]                         ; clk        ; clk      ; None                        ; None                      ; 5.700 ns                ;
; N/A                                     ; 98.04 MHz ( period = 10.200 ns )                    ; button_Init                     ; cnt[11]                         ; clk        ; clk      ; None                        ; None                      ; 5.700 ns                ;
; N/A                                     ; 98.04 MHz ( period = 10.200 ns )                    ; cnt[0]                          ; cnt[11]                         ; clk        ; clk      ; None                        ; None                      ; 5.700 ns                ;
; N/A                                     ; 98.04 MHz ( period = 10.200 ns )                    ; cnt[19]                         ; cnt[11]                         ; clk        ; clk      ; None                        ; None                      ; 5.700 ns                ;
; N/A                                     ; 98.04 MHz ( period = 10.200 ns )                    ; cnt[1]                          ; cnt[11]                         ; clk        ; clk      ; None                        ; None                      ; 5.700 ns                ;
; N/A                                     ; 98.04 MHz ( period = 10.200 ns )                    ; button_Init                     ; cnt[10]                         ; clk        ; clk      ; None                        ; None                      ; 5.700 ns                ;
; N/A                                     ; 98.04 MHz ( period = 10.200 ns )                    ; cnt[0]                          ; cnt[10]                         ; clk        ; clk      ; None                        ; None                      ; 5.700 ns                ;
; N/A                                     ; 98.04 MHz ( period = 10.200 ns )                    ; cnt[19]                         ; cnt[10]                         ; clk        ; clk      ; None                        ; None                      ; 5.700 ns                ;
; N/A                                     ; 98.04 MHz ( period = 10.200 ns )                    ; cnt[1]                          ; cnt[10]                         ; clk        ; clk      ; None                        ; None                      ; 5.700 ns                ;
; N/A                                     ; 98.04 MHz ( period = 10.200 ns )                    ; button_Init                     ; cnt[9]                          ; clk        ; clk      ; None                        ; None                      ; 5.700 ns                ;
; N/A                                     ; 98.04 MHz ( period = 10.200 ns )                    ; cnt[0]                          ; cnt[9]                          ; clk        ; clk      ; None                        ; None                      ; 5.700 ns                ;
; N/A                                     ; 98.04 MHz ( period = 10.200 ns )                    ; cnt[19]                         ; cnt[9]                          ; clk        ; clk      ; None                        ; None                      ; 5.700 ns                ;
; N/A                                     ; 98.04 MHz ( period = 10.200 ns )                    ; cnt[1]                          ; cnt[9]                          ; clk        ; clk      ; None                        ; None                      ; 5.700 ns                ;
; N/A                                     ; 98.04 MHz ( period = 10.200 ns )                    ; button_Init                     ; cnt[8]                          ; clk        ; clk      ; None                        ; None                      ; 5.700 ns                ;
; N/A                                     ; 98.04 MHz ( period = 10.200 ns )                    ; cnt[0]                          ; cnt[8]                          ; clk        ; clk      ; None                        ; None                      ; 5.700 ns                ;
; N/A                                     ; 98.04 MHz ( period = 10.200 ns )                    ; cnt[19]                         ; cnt[8]                          ; clk        ; clk      ; None                        ; None                      ; 5.700 ns                ;
; N/A                                     ; 98.04 MHz ( period = 10.200 ns )                    ; cnt[1]                          ; cnt[8]                          ; clk        ; clk      ; None                        ; None                      ; 5.700 ns                ;
; N/A                                     ; 98.04 MHz ( period = 10.200 ns )                    ; button_Init                     ; cnt[6]                          ; clk        ; clk      ; None                        ; None                      ; 5.700 ns                ;
; N/A                                     ; 98.04 MHz ( period = 10.200 ns )                    ; cnt[0]                          ; cnt[6]                          ; clk        ; clk      ; None                        ; None                      ; 5.700 ns                ;
; N/A                                     ; 98.04 MHz ( period = 10.200 ns )                    ; cnt[19]                         ; cnt[6]                          ; clk        ; clk      ; None                        ; None                      ; 5.700 ns                ;
; N/A                                     ; 98.04 MHz ( period = 10.200 ns )                    ; cnt[1]                          ; cnt[6]                          ; clk        ; clk      ; None                        ; None                      ; 5.700 ns                ;
; N/A                                     ; 98.04 MHz ( period = 10.200 ns )                    ; button_Init                     ; cnt[5]                          ; clk        ; clk      ; None                        ; None                      ; 5.700 ns                ;
; N/A                                     ; 98.04 MHz ( period = 10.200 ns )                    ; cnt[0]                          ; cnt[5]                          ; clk        ; clk      ; None                        ; None                      ; 5.700 ns                ;
; N/A                                     ; 98.04 MHz ( period = 10.200 ns )                    ; cnt[19]                         ; cnt[5]                          ; clk        ; clk      ; None                        ; None                      ; 5.700 ns                ;
; N/A                                     ; 98.04 MHz ( period = 10.200 ns )                    ; cnt[1]                          ; cnt[5]                          ; clk        ; clk      ; None                        ; None                      ; 5.700 ns                ;
; N/A                                     ; 98.04 MHz ( period = 10.200 ns )                    ; button_Init                     ; cnt[4]                          ; clk        ; clk      ; None                        ; None                      ; 5.700 ns                ;
; N/A                                     ; 98.04 MHz ( period = 10.200 ns )                    ; cnt[0]                          ; cnt[4]                          ; clk        ; clk      ; None                        ; None                      ; 5.700 ns                ;
; N/A                                     ; 98.04 MHz ( period = 10.200 ns )                    ; cnt[19]                         ; cnt[4]                          ; clk        ; clk      ; None                        ; None                      ; 5.700 ns                ;
; N/A                                     ; 98.04 MHz ( period = 10.200 ns )                    ; cnt[1]                          ; cnt[4]                          ; clk        ; clk      ; None                        ; None                      ; 5.700 ns                ;
; N/A                                     ; 98.04 MHz ( period = 10.200 ns )                    ; button_Init                     ; cnt[3]                          ; clk        ; clk      ; None                        ; None                      ; 5.700 ns                ;
; N/A                                     ; 98.04 MHz ( period = 10.200 ns )                    ; cnt[0]                          ; cnt[3]                          ; clk        ; clk      ; None                        ; None                      ; 5.700 ns                ;
; N/A                                     ; 98.04 MHz ( period = 10.200 ns )                    ; cnt[19]                         ; cnt[3]                          ; clk        ; clk      ; None                        ; None                      ; 5.700 ns                ;
; N/A                                     ; 98.04 MHz ( period = 10.200 ns )                    ; cnt[1]                          ; cnt[3]                          ; clk        ; clk      ; None                        ; None                      ; 5.700 ns                ;
; N/A                                     ; 98.04 MHz ( period = 10.200 ns )                    ; button_Init                     ; cnt[2]                          ; clk        ; clk      ; None                        ; None                      ; 5.700 ns                ;
; N/A                                     ; 98.04 MHz ( period = 10.200 ns )                    ; cnt[0]                          ; cnt[2]                          ; clk        ; clk      ; None                        ; None                      ; 5.700 ns                ;
; N/A                                     ; 98.04 MHz ( period = 10.200 ns )                    ; cnt[19]                         ; cnt[2]                          ; clk        ; clk      ; None                        ; None                      ; 5.700 ns                ;
; N/A                                     ; 98.04 MHz ( period = 10.200 ns )                    ; cnt[1]                          ; cnt[2]                          ; clk        ; clk      ; None                        ; None                      ; 5.700 ns                ;
; N/A                                     ; 98.04 MHz ( period = 10.200 ns )                    ; button_Init                     ; cnt[1]                          ; clk        ; clk      ; None                        ; None                      ; 5.700 ns                ;
; N/A                                     ; 98.04 MHz ( period = 10.200 ns )                    ; cnt[0]                          ; cnt[1]                          ; clk        ; clk      ; None                        ; None                      ; 5.700 ns                ;
; N/A                                     ; 98.04 MHz ( period = 10.200 ns )                    ; cnt[19]                         ; cnt[1]                          ; clk        ; clk      ; None                        ; None                      ; 5.700 ns                ;
; N/A                                     ; 98.04 MHz ( period = 10.200 ns )                    ; cnt[1]                          ; cnt[1]                          ; clk        ; clk      ; None                        ; None                      ; 5.700 ns                ;
; N/A                                     ; 98.04 MHz ( period = 10.200 ns )                    ; button_Init                     ; cnt[7]                          ; clk        ; clk      ; None                        ; None                      ; 5.700 ns                ;
; N/A                                     ; 98.04 MHz ( period = 10.200 ns )                    ; cnt[0]                          ; cnt[7]                          ; clk        ; clk      ; None                        ; None                      ; 5.700 ns                ;
; N/A                                     ; 98.04 MHz ( period = 10.200 ns )                    ; cnt[19]                         ; cnt[7]                          ; clk        ; clk      ; None                        ; None                      ; 5.700 ns                ;
; N/A                                     ; 98.04 MHz ( period = 10.200 ns )                    ; cnt[1]                          ; cnt[7]                          ; clk        ; clk      ; None                        ; None                      ; 5.700 ns                ;
; N/A                                     ; 98.04 MHz ( period = 10.200 ns )                    ; button_Init                     ; cnt[15]                         ; clk        ; clk      ; None                        ; None                      ; 5.700 ns                ;
; N/A                                     ; 98.04 MHz ( period = 10.200 ns )                    ; cnt[0]                          ; cnt[15]                         ; clk        ; clk      ; None                        ; None                      ; 5.700 ns                ;
; N/A                                     ; 98.04 MHz ( period = 10.200 ns )                    ; cnt[19]                         ; cnt[15]                         ; clk        ; clk      ; None                        ; None                      ; 5.700 ns                ;
; N/A                                     ; 98.04 MHz ( period = 10.200 ns )                    ; cnt[1]                          ; cnt[15]                         ; clk        ; clk      ; None                        ; None                      ; 5.700 ns                ;
; N/A                                     ; 98.04 MHz ( period = 10.200 ns )                    ; turn                            ; LED[2]~reg0                     ; clk        ; clk      ; None                        ; None                      ; 5.600 ns                ;
; N/A                                     ; 98.04 MHz ( period = 10.200 ns )                    ; turn                            ; LED[4]~reg0                     ; clk        ; clk      ; None                        ; None                      ; 5.600 ns                ;
; N/A                                     ; 98.04 MHz ( period = 10.200 ns )                    ; turn                            ; LED[6]~reg0                     ; clk        ; clk      ; None                        ; None                      ; 5.600 ns                ;
; N/A                                     ; 99.01 MHz ( period = 10.100 ns )                    ; cnt[4]                          ; cnt[19]                         ; clk        ; clk      ; None                        ; None                      ; 5.600 ns                ;
; N/A                                     ; 99.01 MHz ( period = 10.100 ns )                    ; cnt[3]                          ; cnt[19]                         ; clk        ; clk      ; None                        ; None                      ; 5.600 ns                ;
; N/A                                     ; 99.01 MHz ( period = 10.100 ns )                    ; cnt[2]                          ; cnt[19]                         ; clk        ; clk      ; None                        ; None                      ; 5.600 ns                ;
; N/A                                     ; 99.01 MHz ( period = 10.100 ns )                    ; cnt[4]                          ; cnt[18]                         ; clk        ; clk      ; None                        ; None                      ; 5.600 ns                ;
; N/A                                     ; 99.01 MHz ( period = 10.100 ns )                    ; cnt[3]                          ; cnt[18]                         ; clk        ; clk      ; None                        ; None                      ; 5.600 ns                ;
; N/A                                     ; 99.01 MHz ( period = 10.100 ns )                    ; cnt[2]                          ; cnt[18]                         ; clk        ; clk      ; None                        ; None                      ; 5.600 ns                ;
; N/A                                     ; 99.01 MHz ( period = 10.100 ns )                    ; cnt[4]                          ; cnt[17]                         ; clk        ; clk      ; None                        ; None                      ; 5.600 ns                ;
; N/A                                     ; 99.01 MHz ( period = 10.100 ns )                    ; cnt[3]                          ; cnt[17]                         ; clk        ; clk      ; None                        ; None                      ; 5.600 ns                ;
; N/A                                     ; 99.01 MHz ( period = 10.100 ns )                    ; cnt[2]                          ; cnt[17]                         ; clk        ; clk      ; None                        ; None                      ; 5.600 ns                ;
; N/A                                     ; 99.01 MHz ( period = 10.100 ns )                    ; cnt[4]                          ; cnt[16]                         ; clk        ; clk      ; None                        ; None                      ; 5.600 ns                ;
; N/A                                     ; 99.01 MHz ( period = 10.100 ns )                    ; cnt[3]                          ; cnt[16]                         ; clk        ; clk      ; None                        ; None                      ; 5.600 ns                ;
; N/A                                     ; 99.01 MHz ( period = 10.100 ns )                    ; cnt[2]                          ; cnt[16]                         ; clk        ; clk      ; None                        ; None                      ; 5.600 ns                ;
; N/A                                     ; 99.01 MHz ( period = 10.100 ns )                    ; cnt[4]                          ; cnt[14]                         ; clk        ; clk      ; None                        ; None                      ; 5.600 ns                ;
; N/A                                     ; 99.01 MHz ( period = 10.100 ns )                    ; cnt[3]                          ; cnt[14]                         ; clk        ; clk      ; None                        ; None                      ; 5.600 ns                ;
; N/A                                     ; 99.01 MHz ( period = 10.100 ns )                    ; cnt[2]                          ; cnt[14]                         ; clk        ; clk      ; None                        ; None                      ; 5.600 ns                ;
; N/A                                     ; 99.01 MHz ( period = 10.100 ns )                    ; cnt[4]                          ; cnt[13]                         ; clk        ; clk      ; None                        ; None                      ; 5.600 ns                ;
; N/A                                     ; 99.01 MHz ( period = 10.100 ns )                    ; cnt[3]                          ; cnt[13]                         ; clk        ; clk      ; None                        ; None                      ; 5.600 ns                ;
; N/A                                     ; 99.01 MHz ( period = 10.100 ns )                    ; cnt[2]                          ; cnt[13]                         ; clk        ; clk      ; None                        ; None                      ; 5.600 ns                ;
; N/A                                     ; 99.01 MHz ( period = 10.100 ns )                    ; cnt[4]                          ; cnt[12]                         ; clk        ; clk      ; None                        ; None                      ; 5.600 ns                ;
; N/A                                     ; 99.01 MHz ( period = 10.100 ns )                    ; cnt[3]                          ; cnt[12]                         ; clk        ; clk      ; None                        ; None                      ; 5.600 ns                ;
; N/A                                     ; 99.01 MHz ( period = 10.100 ns )                    ; cnt[2]                          ; cnt[12]                         ; clk        ; clk      ; None                        ; None                      ; 5.600 ns                ;
; N/A                                     ; 99.01 MHz ( period = 10.100 ns )                    ; cnt[4]                          ; cnt[11]                         ; clk        ; clk      ; None                        ; None                      ; 5.600 ns                ;
; N/A                                     ; 99.01 MHz ( period = 10.100 ns )                    ; cnt[3]                          ; cnt[11]                         ; clk        ; clk      ; None                        ; None                      ; 5.600 ns                ;
; N/A                                     ; 99.01 MHz ( period = 10.100 ns )                    ; cnt[2]                          ; cnt[11]                         ; clk        ; clk      ; None                        ; None                      ; 5.600 ns                ;
; N/A                                     ; 99.01 MHz ( period = 10.100 ns )                    ; cnt[4]                          ; cnt[10]                         ; clk        ; clk      ; None                        ; None                      ; 5.600 ns                ;
; N/A                                     ; 99.01 MHz ( period = 10.100 ns )                    ; cnt[3]                          ; cnt[10]                         ; clk        ; clk      ; None                        ; None                      ; 5.600 ns                ;
; N/A                                     ; 99.01 MHz ( period = 10.100 ns )                    ; cnt[2]                          ; cnt[10]                         ; clk        ; clk      ; None                        ; None                      ; 5.600 ns                ;
; N/A                                     ; 99.01 MHz ( period = 10.100 ns )                    ; cnt[4]                          ; cnt[9]                          ; clk        ; clk      ; None                        ; None                      ; 5.600 ns                ;
; N/A                                     ; 99.01 MHz ( period = 10.100 ns )                    ; cnt[3]                          ; cnt[9]                          ; clk        ; clk      ; None                        ; None                      ; 5.600 ns                ;
; N/A                                     ; 99.01 MHz ( period = 10.100 ns )                    ; cnt[2]                          ; cnt[9]                          ; clk        ; clk      ; None                        ; None                      ; 5.600 ns                ;
; N/A                                     ; 99.01 MHz ( period = 10.100 ns )                    ; cnt[4]                          ; cnt[8]                          ; clk        ; clk      ; None                        ; None                      ; 5.600 ns                ;
; N/A                                     ; 99.01 MHz ( period = 10.100 ns )                    ; cnt[3]                          ; cnt[8]                          ; clk        ; clk      ; None                        ; None                      ; 5.600 ns                ;
; N/A                                     ; 99.01 MHz ( period = 10.100 ns )                    ; cnt[2]                          ; cnt[8]                          ; clk        ; clk      ; None                        ; None                      ; 5.600 ns                ;
; N/A                                     ; 99.01 MHz ( period = 10.100 ns )                    ; cnt[4]                          ; cnt[6]                          ; clk        ; clk      ; None                        ; None                      ; 5.600 ns                ;
; N/A                                     ; 99.01 MHz ( period = 10.100 ns )                    ; cnt[3]                          ; cnt[6]                          ; clk        ; clk      ; None                        ; None                      ; 5.600 ns                ;
; N/A                                     ; 99.01 MHz ( period = 10.100 ns )                    ; cnt[2]                          ; cnt[6]                          ; clk        ; clk      ; None                        ; None                      ; 5.600 ns                ;
; N/A                                     ; 99.01 MHz ( period = 10.100 ns )                    ; cnt[4]                          ; cnt[5]                          ; clk        ; clk      ; None                        ; None                      ; 5.600 ns                ;
; N/A                                     ; 99.01 MHz ( period = 10.100 ns )                    ; cnt[3]                          ; cnt[5]                          ; clk        ; clk      ; None                        ; None                      ; 5.600 ns                ;
; N/A                                     ; 99.01 MHz ( period = 10.100 ns )                    ; cnt[2]                          ; cnt[5]                          ; clk        ; clk      ; None                        ; None                      ; 5.600 ns                ;
; N/A                                     ; 99.01 MHz ( period = 10.100 ns )                    ; cnt[4]                          ; cnt[4]                          ; clk        ; clk      ; None                        ; None                      ; 5.600 ns                ;
; N/A                                     ; 99.01 MHz ( period = 10.100 ns )                    ; cnt[3]                          ; cnt[4]                          ; clk        ; clk      ; None                        ; None                      ; 5.600 ns                ;
; N/A                                     ; 99.01 MHz ( period = 10.100 ns )                    ; cnt[2]                          ; cnt[4]                          ; clk        ; clk      ; None                        ; None                      ; 5.600 ns                ;
; N/A                                     ; 99.01 MHz ( period = 10.100 ns )                    ; cnt[3]                          ; cnt[3]                          ; clk        ; clk      ; None                        ; None                      ; 5.600 ns                ;
; N/A                                     ; 99.01 MHz ( period = 10.100 ns )                    ; cnt[2]                          ; cnt[3]                          ; clk        ; clk      ; None                        ; None                      ; 5.600 ns                ;
; N/A                                     ; 99.01 MHz ( period = 10.100 ns )                    ; cnt[2]                          ; cnt[2]                          ; clk        ; clk      ; None                        ; None                      ; 5.600 ns                ;
; N/A                                     ; 99.01 MHz ( period = 10.100 ns )                    ; cnt[4]                          ; cnt[7]                          ; clk        ; clk      ; None                        ; None                      ; 5.600 ns                ;
; N/A                                     ; 99.01 MHz ( period = 10.100 ns )                    ; cnt[3]                          ; cnt[7]                          ; clk        ; clk      ; None                        ; None                      ; 5.600 ns                ;
; N/A                                     ; 99.01 MHz ( period = 10.100 ns )                    ; cnt[2]                          ; cnt[7]                          ; clk        ; clk      ; None                        ; None                      ; 5.600 ns                ;
; N/A                                     ; 99.01 MHz ( period = 10.100 ns )                    ; cnt[4]                          ; cnt[15]                         ; clk        ; clk      ; None                        ; None                      ; 5.600 ns                ;
; N/A                                     ; 99.01 MHz ( period = 10.100 ns )                    ; cnt[3]                          ; cnt[15]                         ; clk        ; clk      ; None                        ; None                      ; 5.600 ns                ;
; N/A                                     ; 99.01 MHz ( period = 10.100 ns )                    ; cnt[2]                          ; cnt[15]                         ; clk        ; clk      ; None                        ; None                      ; 5.600 ns                ;
; N/A                                     ; 100.00 MHz ( period = 10.000 ns )                   ; lpm_counter:freq_rtl_0|dffs[1]  ; lpm_counter:freq_rtl_0|dffs[4]  ; clk        ; clk      ; None                        ; None                      ; 5.500 ns                ;
; N/A                                     ; 100.00 MHz ( period = 10.000 ns )                   ; lpm_counter:freq_rtl_0|dffs[2]  ; lpm_counter:freq_rtl_0|dffs[4]  ; clk        ; clk      ; None                        ; None                      ; 5.500 ns                ;
; N/A                                     ; 100.00 MHz ( period = 10.000 ns )                   ; lpm_counter:freq_rtl_0|dffs[3]  ; lpm_counter:freq_rtl_0|dffs[4]  ; clk        ; clk      ; None                        ; None                      ; 5.500 ns                ;
; N/A                                     ; 100.00 MHz ( period = 10.000 ns )                   ; lpm_counter:freq_rtl_0|dffs[4]  ; lpm_counter:freq_rtl_0|dffs[4]  ; clk        ; clk      ; None                        ; None                      ; 5.500 ns                ;
; N/A                                     ; 100.00 MHz ( period = 10.000 ns )                   ; lpm_counter:freq_rtl_0|dffs[0]  ; lpm_counter:freq_rtl_0|dffs[5]  ; clk        ; clk      ; None                        ; None                      ; 5.500 ns                ;
; N/A                                     ; 100.00 MHz ( period = 10.000 ns )                   ; lpm_counter:freq_rtl_0|dffs[1]  ; lpm_counter:freq_rtl_0|dffs[5]  ; clk        ; clk      ; None                        ; None                      ; 5.500 ns                ;
; N/A                                     ; 100.00 MHz ( period = 10.000 ns )                   ; lpm_counter:freq_rtl_0|dffs[2]  ; lpm_counter:freq_rtl_0|dffs[5]  ; clk        ; clk      ; None                        ; None                      ; 5.500 ns                ;
; N/A                                     ; 100.00 MHz ( period = 10.000 ns )                   ; lpm_counter:freq_rtl_0|dffs[3]  ; lpm_counter:freq_rtl_0|dffs[5]  ; clk        ; clk      ; None                        ; None                      ; 5.500 ns                ;
; N/A                                     ; 100.00 MHz ( period = 10.000 ns )                   ; lpm_counter:freq_rtl_0|dffs[4]  ; lpm_counter:freq_rtl_0|dffs[5]  ; clk        ; clk      ; None                        ; None                      ; 5.500 ns                ;
; N/A                                     ; 100.00 MHz ( period = 10.000 ns )                   ; lpm_counter:freq_rtl_0|dffs[5]  ; lpm_counter:freq_rtl_0|dffs[5]  ; clk        ; clk      ; None                        ; None                      ; 5.500 ns                ;
; N/A                                     ; 100.00 MHz ( period = 10.000 ns )                   ; lpm_counter:freq_rtl_0|dffs[0]  ; lpm_counter:freq_rtl_0|dffs[6]  ; clk        ; clk      ; None                        ; None                      ; 5.500 ns                ;
; N/A                                     ; 100.00 MHz ( period = 10.000 ns )                   ; lpm_counter:freq_rtl_0|dffs[1]  ; lpm_counter:freq_rtl_0|dffs[6]  ; clk        ; clk      ; None                        ; None                      ; 5.500 ns                ;
; N/A                                     ; 100.00 MHz ( period = 10.000 ns )                   ; lpm_counter:freq_rtl_0|dffs[2]  ; lpm_counter:freq_rtl_0|dffs[6]  ; clk        ; clk      ; None                        ; None                      ; 5.500 ns                ;
; N/A                                     ; 100.00 MHz ( period = 10.000 ns )                   ; lpm_counter:freq_rtl_0|dffs[3]  ; lpm_counter:freq_rtl_0|dffs[6]  ; clk        ; clk      ; None                        ; None                      ; 5.500 ns                ;
; N/A                                     ; 100.00 MHz ( period = 10.000 ns )                   ; lpm_counter:freq_rtl_0|dffs[4]  ; lpm_counter:freq_rtl_0|dffs[6]  ; clk        ; clk      ; None                        ; None                      ; 5.500 ns                ;
; N/A                                     ; 100.00 MHz ( period = 10.000 ns )                   ; lpm_counter:freq_rtl_0|dffs[5]  ; lpm_counter:freq_rtl_0|dffs[6]  ; clk        ; clk      ; None                        ; None                      ; 5.500 ns                ;
; N/A                                     ; 100.00 MHz ( period = 10.000 ns )                   ; lpm_counter:freq_rtl_0|dffs[6]  ; lpm_counter:freq_rtl_0|dffs[6]  ; clk        ; clk      ; None                        ; None                      ; 5.500 ns                ;
; N/A                                     ; 100.00 MHz ( period = 10.000 ns )                   ; lpm_counter:freq_rtl_0|dffs[0]  ; lpm_counter:freq_rtl_0|dffs[7]  ; clk        ; clk      ; None                        ; None                      ; 5.500 ns                ;
; N/A                                     ; 100.00 MHz ( period = 10.000 ns )                   ; lpm_counter:freq_rtl_0|dffs[1]  ; lpm_counter:freq_rtl_0|dffs[7]  ; clk        ; clk      ; None                        ; None                      ; 5.500 ns                ;
; N/A                                     ; 100.00 MHz ( period = 10.000 ns )                   ; lpm_counter:freq_rtl_0|dffs[2]  ; lpm_counter:freq_rtl_0|dffs[7]  ; clk        ; clk      ; None                        ; None                      ; 5.500 ns                ;
; N/A                                     ; 100.00 MHz ( period = 10.000 ns )                   ; lpm_counter:freq_rtl_0|dffs[3]  ; lpm_counter:freq_rtl_0|dffs[7]  ; clk        ; clk      ; None                        ; None                      ; 5.500 ns                ;
; N/A                                     ; 100.00 MHz ( period = 10.000 ns )                   ; lpm_counter:freq_rtl_0|dffs[4]  ; lpm_counter:freq_rtl_0|dffs[7]  ; clk        ; clk      ; None                        ; None                      ; 5.500 ns                ;
; N/A                                     ; 100.00 MHz ( period = 10.000 ns )                   ; lpm_counter:freq_rtl_0|dffs[5]  ; lpm_counter:freq_rtl_0|dffs[7]  ; clk        ; clk      ; None                        ; None                      ; 5.500 ns                ;
; N/A                                     ; 100.00 MHz ( period = 10.000 ns )                   ; lpm_counter:freq_rtl_0|dffs[6]  ; lpm_counter:freq_rtl_0|dffs[7]  ; clk        ; clk      ; None                        ; None                      ; 5.500 ns                ;
; N/A                                     ; 100.00 MHz ( period = 10.000 ns )                   ; lpm_counter:freq_rtl_0|dffs[7]  ; lpm_counter:freq_rtl_0|dffs[7]  ; clk        ; clk      ; None                        ; None                      ; 5.500 ns                ;
; N/A                                     ; 100.00 MHz ( period = 10.000 ns )                   ; lpm_counter:freq_rtl_0|dffs[0]  ; lpm_counter:freq_rtl_0|dffs[8]  ; clk        ; clk      ; None                        ; None                      ; 5.500 ns                ;
; N/A                                     ; 100.00 MHz ( period = 10.000 ns )                   ; lpm_counter:freq_rtl_0|dffs[1]  ; lpm_counter:freq_rtl_0|dffs[8]  ; clk        ; clk      ; None                        ; None                      ; 5.500 ns                ;
; N/A                                     ; 100.00 MHz ( period = 10.000 ns )                   ; lpm_counter:freq_rtl_0|dffs[2]  ; lpm_counter:freq_rtl_0|dffs[8]  ; clk        ; clk      ; None                        ; None                      ; 5.500 ns                ;
; N/A                                     ; 100.00 MHz ( period = 10.000 ns )                   ; lpm_counter:freq_rtl_0|dffs[3]  ; lpm_counter:freq_rtl_0|dffs[8]  ; clk        ; clk      ; None                        ; None                      ; 5.500 ns                ;
; N/A                                     ; 100.00 MHz ( period = 10.000 ns )                   ; lpm_counter:freq_rtl_0|dffs[4]  ; lpm_counter:freq_rtl_0|dffs[8]  ; clk        ; clk      ; None                        ; None                      ; 5.500 ns                ;
; N/A                                     ; 100.00 MHz ( period = 10.000 ns )                   ; lpm_counter:freq_rtl_0|dffs[5]  ; lpm_counter:freq_rtl_0|dffs[8]  ; clk        ; clk      ; None                        ; None                      ; 5.500 ns                ;
; N/A                                     ; 100.00 MHz ( period = 10.000 ns )                   ; lpm_counter:freq_rtl_0|dffs[6]  ; lpm_counter:freq_rtl_0|dffs[8]  ; clk        ; clk      ; None                        ; None                      ; 5.500 ns                ;
; N/A                                     ; 100.00 MHz ( period = 10.000 ns )                   ; lpm_counter:freq_rtl_0|dffs[7]  ; lpm_counter:freq_rtl_0|dffs[8]  ; clk        ; clk      ; None                        ; None                      ; 5.500 ns                ;
; N/A                                     ; 100.00 MHz ( period = 10.000 ns )                   ; lpm_counter:freq_rtl_0|dffs[8]  ; lpm_counter:freq_rtl_0|dffs[8]  ; clk        ; clk      ; None                        ; None                      ; 5.500 ns                ;
; N/A                                     ; 100.00 MHz ( period = 10.000 ns )                   ; lpm_counter:freq_rtl_0|dffs[0]  ; lpm_counter:freq_rtl_0|dffs[9]  ; clk        ; clk      ; None                        ; None                      ; 5.500 ns                ;
; N/A                                     ; 100.00 MHz ( period = 10.000 ns )                   ; lpm_counter:freq_rtl_0|dffs[1]  ; lpm_counter:freq_rtl_0|dffs[9]  ; clk        ; clk      ; None                        ; None                      ; 5.500 ns                ;
; N/A                                     ; 100.00 MHz ( period = 10.000 ns )                   ; lpm_counter:freq_rtl_0|dffs[2]  ; lpm_counter:freq_rtl_0|dffs[9]  ; clk        ; clk      ; None                        ; None                      ; 5.500 ns                ;
; N/A                                     ; 100.00 MHz ( period = 10.000 ns )                   ; lpm_counter:freq_rtl_0|dffs[3]  ; lpm_counter:freq_rtl_0|dffs[9]  ; clk        ; clk      ; None                        ; None                      ; 5.500 ns                ;
; N/A                                     ; 100.00 MHz ( period = 10.000 ns )                   ; lpm_counter:freq_rtl_0|dffs[4]  ; lpm_counter:freq_rtl_0|dffs[9]  ; clk        ; clk      ; None                        ; None                      ; 5.500 ns                ;
; N/A                                     ; 100.00 MHz ( period = 10.000 ns )                   ; lpm_counter:freq_rtl_0|dffs[5]  ; lpm_counter:freq_rtl_0|dffs[9]  ; clk        ; clk      ; None                        ; None                      ; 5.500 ns                ;
; N/A                                     ; 100.00 MHz ( period = 10.000 ns )                   ; lpm_counter:freq_rtl_0|dffs[6]  ; lpm_counter:freq_rtl_0|dffs[9]  ; clk        ; clk      ; None                        ; None                      ; 5.500 ns                ;
; N/A                                     ; 100.00 MHz ( period = 10.000 ns )                   ; lpm_counter:freq_rtl_0|dffs[7]  ; lpm_counter:freq_rtl_0|dffs[9]  ; clk        ; clk      ; None                        ; None                      ; 5.500 ns                ;
; N/A                                     ; 100.00 MHz ( period = 10.000 ns )                   ; lpm_counter:freq_rtl_0|dffs[8]  ; lpm_counter:freq_rtl_0|dffs[9]  ; clk        ; clk      ; None                        ; None                      ; 5.500 ns                ;
; N/A                                     ; 100.00 MHz ( period = 10.000 ns )                   ; lpm_counter:freq_rtl_0|dffs[9]  ; lpm_counter:freq_rtl_0|dffs[9]  ; clk        ; clk      ; None                        ; None                      ; 5.500 ns                ;
; N/A                                     ; 100.00 MHz ( period = 10.000 ns )                   ; lpm_counter:freq_rtl_0|dffs[0]  ; lpm_counter:freq_rtl_0|dffs[10] ; clk        ; clk      ; None                        ; None                      ; 5.500 ns                ;
; N/A                                     ; 100.00 MHz ( period = 10.000 ns )                   ; lpm_counter:freq_rtl_0|dffs[1]  ; lpm_counter:freq_rtl_0|dffs[10] ; clk        ; clk      ; None                        ; None                      ; 5.500 ns                ;
; N/A                                     ; 100.00 MHz ( period = 10.000 ns )                   ; lpm_counter:freq_rtl_0|dffs[2]  ; lpm_counter:freq_rtl_0|dffs[10] ; clk        ; clk      ; None                        ; None                      ; 5.500 ns                ;
; N/A                                     ; 100.00 MHz ( period = 10.000 ns )                   ; lpm_counter:freq_rtl_0|dffs[3]  ; lpm_counter:freq_rtl_0|dffs[10] ; clk        ; clk      ; None                        ; None                      ; 5.500 ns                ;
; N/A                                     ; 100.00 MHz ( period = 10.000 ns )                   ; lpm_counter:freq_rtl_0|dffs[4]  ; lpm_counter:freq_rtl_0|dffs[10] ; clk        ; clk      ; None                        ; None                      ; 5.500 ns                ;
; N/A                                     ; 100.00 MHz ( period = 10.000 ns )                   ; lpm_counter:freq_rtl_0|dffs[5]  ; lpm_counter:freq_rtl_0|dffs[10] ; clk        ; clk      ; None                        ; None                      ; 5.500 ns                ;
; N/A                                     ; 100.00 MHz ( period = 10.000 ns )                   ; lpm_counter:freq_rtl_0|dffs[6]  ; lpm_counter:freq_rtl_0|dffs[10] ; clk        ; clk      ; None                        ; None                      ; 5.500 ns                ;
; N/A                                     ; 100.00 MHz ( period = 10.000 ns )                   ; lpm_counter:freq_rtl_0|dffs[7]  ; lpm_counter:freq_rtl_0|dffs[10] ; clk        ; clk      ; None                        ; None                      ; 5.500 ns                ;
; N/A                                     ; 100.00 MHz ( period = 10.000 ns )                   ; lpm_counter:freq_rtl_0|dffs[8]  ; lpm_counter:freq_rtl_0|dffs[10] ; clk        ; clk      ; None                        ; None                      ; 5.500 ns                ;
; N/A                                     ; 100.00 MHz ( period = 10.000 ns )                   ; lpm_counter:freq_rtl_0|dffs[9]  ; lpm_counter:freq_rtl_0|dffs[10] ; clk        ; clk      ; None                        ; None                      ; 5.500 ns                ;
; N/A                                     ; 100.00 MHz ( period = 10.000 ns )                   ; lpm_counter:freq_rtl_0|dffs[10] ; lpm_counter:freq_rtl_0|dffs[10] ; clk        ; clk      ; None                        ; None                      ; 5.500 ns                ;
; N/A                                     ; 100.00 MHz ( period = 10.000 ns )                   ; lpm_counter:freq_rtl_0|dffs[0]  ; lpm_counter:freq_rtl_0|dffs[11] ; clk        ; clk      ; None                        ; None                      ; 5.500 ns                ;
; N/A                                     ; 100.00 MHz ( period = 10.000 ns )                   ; lpm_counter:freq_rtl_0|dffs[1]  ; lpm_counter:freq_rtl_0|dffs[11] ; clk        ; clk      ; None                        ; None                      ; 5.500 ns                ;
; N/A                                     ; 100.00 MHz ( period = 10.000 ns )                   ; lpm_counter:freq_rtl_0|dffs[2]  ; lpm_counter:freq_rtl_0|dffs[11] ; clk        ; clk      ; None                        ; None                      ; 5.500 ns                ;
; N/A                                     ; 100.00 MHz ( period = 10.000 ns )                   ; lpm_counter:freq_rtl_0|dffs[3]  ; lpm_counter:freq_rtl_0|dffs[11] ; clk        ; clk      ; None                        ; None                      ; 5.500 ns                ;
; N/A                                     ; 100.00 MHz ( period = 10.000 ns )                   ; lpm_counter:freq_rtl_0|dffs[4]  ; lpm_counter:freq_rtl_0|dffs[11] ; clk        ; clk      ; None                        ; None                      ; 5.500 ns                ;
; N/A                                     ; 100.00 MHz ( period = 10.000 ns )                   ; lpm_counter:freq_rtl_0|dffs[5]  ; lpm_counter:freq_rtl_0|dffs[11] ; clk        ; clk      ; None                        ; None                      ; 5.500 ns                ;
; N/A                                     ; 100.00 MHz ( period = 10.000 ns )                   ; lpm_counter:freq_rtl_0|dffs[6]  ; lpm_counter:freq_rtl_0|dffs[11] ; clk        ; clk      ; None                        ; None                      ; 5.500 ns                ;
; N/A                                     ; 100.00 MHz ( period = 10.000 ns )                   ; lpm_counter:freq_rtl_0|dffs[7]  ; lpm_counter:freq_rtl_0|dffs[11] ; clk        ; clk      ; None                        ; None                      ; 5.500 ns                ;
; N/A                                     ; 100.00 MHz ( period = 10.000 ns )                   ; lpm_counter:freq_rtl_0|dffs[8]  ; lpm_counter:freq_rtl_0|dffs[11] ; clk        ; clk      ; None                        ; None                      ; 5.500 ns                ;
; N/A                                     ; 100.00 MHz ( period = 10.000 ns )                   ; lpm_counter:freq_rtl_0|dffs[9]  ; lpm_counter:freq_rtl_0|dffs[11] ; clk        ; clk      ; None                        ; None                      ; 5.500 ns                ;
; N/A                                     ; 100.00 MHz ( period = 10.000 ns )                   ; lpm_counter:freq_rtl_0|dffs[10] ; lpm_counter:freq_rtl_0|dffs[11] ; clk        ; clk      ; None                        ; None                      ; 5.500 ns                ;
; N/A                                     ; 100.00 MHz ( period = 10.000 ns )                   ; lpm_counter:freq_rtl_0|dffs[11] ; lpm_counter:freq_rtl_0|dffs[11] ; clk        ; clk      ; None                        ; None                      ; 5.500 ns                ;
; Timing analysis restricted to 200 rows. ; To change the limit use Settings (Assignments menu) ;                                 ;                                 ;            ;          ;                             ;                           ;                         ;
+-----------------------------------------+-----------------------------------------------------+---------------------------------+---------------------------------+------------+----------+-----------------------------+---------------------------+-------------------------+


+---------------------------------------------------------------------+
; tsu                                                                 ;
+-------+--------------+------------+--------+-------------+----------+
; Slack ; Required tsu ; Actual tsu ; From   ; To          ; To Clock ;
+-------+--------------+------------+--------+-------------+----------+
; N/A   ; None         ; 6.200 ns   ; button ; button_syn0 ; clk      ;
+-------+--------------+------------+--------+-------------+----------+


+-----------------------------------------------------------------------+
; tco                                                                   ;
+-------+--------------+------------+-------------+--------+------------+
; Slack ; Required tco ; Actual tco ; From        ; To     ; From Clock ;
+-------+--------------+------------+-------------+--------+------------+
; N/A   ; None         ; 13.500 ns  ; LED[6]~reg0 ; LED[6] ; clk        ;
; N/A   ; None         ; 13.500 ns  ; LED[4]~reg0 ; LED[4] ; clk        ;
; N/A   ; None         ; 13.500 ns  ; LED[2]~reg0 ; LED[2] ; clk        ;
+-------+--------------+------------+-------------+--------+------------+


+---------------------------------------------------------------------------+
; th                                                                        ;
+---------------+-------------+-----------+--------+-------------+----------+
; Minimum Slack ; Required th ; Actual th ; From   ; To          ; To Clock ;
+---------------+-------------+-----------+--------+-------------+----------+
; N/A           ; None        ; -2.000 ns ; button ; button_syn0 ; clk      ;
+---------------+-------------+-----------+--------+-------------+----------+


+--------------------------+
; Timing Analyzer Messages ;
+--------------------------+
Info: *******************************************************************
Info: Running Quartus II Classic Timing Analyzer
    Info: Version 9.1 Build 304 01/25/2010 Service Pack 1 SJ Web Edition
    Info: Processing started: Sat Mar 02 03:25:37 2024
Info: Command: quartus_tan --read_settings_files=off --write_settings_files=off DHT11 -c DHT11
Info: Started post-fitting delay annotation
Info: Delay annotation completed successfully
Warning: Timing Analysis does not support the analysis of latches as synchronous elements for the currently selected device family
Warning: Found pins functioning as undefined clocks and/or memory enables
    Info: Assuming node "clk" is an undefined clock
Warning: Found 2 node(s) in clock paths which may be acting as ripple and/or gated clocks -- node(s) analyzed as buffer(s) resulting in clock skew
    Info: Detected ripple clock "lpm_counter:freq_rtl_0|dffs[11]" as buffer
    Info: Detected ripple clock "cnt[19]" as buffer
Info: Clock "clk" has Internal fmax of 98.04 MHz between source register "button_Init" and destination register "cnt[0]" (period= 10.2 ns)
    Info: + Longest register to register delay is 5.700 ns
        Info: 1: + IC(0.000 ns) + CELL(0.000 ns) = 0.000 ns; Loc. = LC29; Fanout = 40; REG Node = 'button_Init'
        Info: 2: + IC(2.500 ns) + CELL(3.200 ns) = 5.700 ns; Loc. = LC50; Fanout = 21; REG Node = 'cnt[0]'
        Info: Total cell delay = 3.200 ns ( 56.14 % )
        Info: Total interconnect delay = 2.500 ns ( 43.86 % )
    Info: - Smallest clock skew is 0.000 ns
        Info: + Shortest clock path from clock "clk" to destination register is 3.600 ns
            Info: 1: + IC(0.000 ns) + CELL(2.300 ns) = 2.300 ns; Loc. = PIN_43; Fanout = 35; CLK Node = 'clk'
            Info: 2: + IC(0.000 ns) + CELL(1.300 ns) = 3.600 ns; Loc. = LC50; Fanout = 21; REG Node = 'cnt[0]'
            Info: Total cell delay = 3.600 ns ( 100.00 % )
        Info: - Longest clock path from clock "clk" to source register is 3.600 ns
            Info: 1: + IC(0.000 ns) + CELL(2.300 ns) = 2.300 ns; Loc. = PIN_43; Fanout = 35; CLK Node = 'clk'
            Info: 2: + IC(0.000 ns) + CELL(1.300 ns) = 3.600 ns; Loc. = LC29; Fanout = 40; REG Node = 'button_Init'
            Info: Total cell delay = 3.600 ns ( 100.00 % )
    Info: + Micro clock to output delay of source is 1.600 ns
    Info: + Micro setup delay of destination is 2.900 ns
Info: tsu for register "button_syn0" (data pin = "button", clock pin = "clk") is 6.200 ns
    Info: + Longest pin to register delay is 6.900 ns
        Info: 1: + IC(0.000 ns) + CELL(1.400 ns) = 1.400 ns; Loc. = PIN_39; Fanout = 1; PIN Node = 'button'
        Info: 2: + IC(2.300 ns) + CELL(3.200 ns) = 6.900 ns; Loc. = LC31; Fanout = 1; REG Node = 'button_syn0'
        Info: Total cell delay = 4.600 ns ( 66.67 % )
        Info: Total interconnect delay = 2.300 ns ( 33.33 % )
    Info: + Micro setup delay of destination is 2.900 ns
    Info: - Shortest clock path from clock "clk" to destination register is 3.600 ns
        Info: 1: + IC(0.000 ns) + CELL(2.300 ns) = 2.300 ns; Loc. = PIN_43; Fanout = 35; CLK Node = 'clk'
        Info: 2: + IC(0.000 ns) + CELL(1.300 ns) = 3.600 ns; Loc. = LC31; Fanout = 1; REG Node = 'button_syn0'
        Info: Total cell delay = 3.600 ns ( 100.00 % )
Info: tco from clock "clk" to destination pin "LED[6]" through register "LED[6]~reg0" is 13.500 ns
    Info: + Longest clock path from clock "clk" to source register is 10.100 ns
        Info: 1: + IC(0.000 ns) + CELL(2.300 ns) = 2.300 ns; Loc. = PIN_43; Fanout = 35; CLK Node = 'clk'
        Info: 2: + IC(0.000 ns) + CELL(2.900 ns) = 5.200 ns; Loc. = LC49; Fanout = 4; REG Node = 'lpm_counter:freq_rtl_0|dffs[11]'
        Info: 3: + IC(2.400 ns) + CELL(2.500 ns) = 10.100 ns; Loc. = LC37; Fanout = 1; REG Node = 'LED[6]~reg0'
        Info: Total cell delay = 7.700 ns ( 76.24 % )
        Info: Total interconnect delay = 2.400 ns ( 23.76 % )
    Info: + Micro clock to output delay of source is 1.600 ns
    Info: + Longest register to pin delay is 1.800 ns
        Info: 1: + IC(0.000 ns) + CELL(0.000 ns) = 0.000 ns; Loc. = LC37; Fanout = 1; REG Node = 'LED[6]~reg0'
        Info: 2: + IC(0.000 ns) + CELL(1.800 ns) = 1.800 ns; Loc. = PIN_27; Fanout = 0; PIN Node = 'LED[6]'
        Info: Total cell delay = 1.800 ns ( 100.00 % )
Info: th for register "button_syn0" (data pin = "button", clock pin = "clk") is -2.000 ns
    Info: + Longest clock path from clock "clk" to destination register is 3.600 ns
        Info: 1: + IC(0.000 ns) + CELL(2.300 ns) = 2.300 ns; Loc. = PIN_43; Fanout = 35; CLK Node = 'clk'
        Info: 2: + IC(0.000 ns) + CELL(1.300 ns) = 3.600 ns; Loc. = LC31; Fanout = 1; REG Node = 'button_syn0'
        Info: Total cell delay = 3.600 ns ( 100.00 % )
    Info: + Micro hold delay of destination is 1.300 ns
    Info: - Shortest pin to register delay is 6.900 ns
        Info: 1: + IC(0.000 ns) + CELL(1.400 ns) = 1.400 ns; Loc. = PIN_39; Fanout = 1; PIN Node = 'button'
        Info: 2: + IC(2.300 ns) + CELL(3.200 ns) = 6.900 ns; Loc. = LC31; Fanout = 1; REG Node = 'button_syn0'
        Info: Total cell delay = 4.600 ns ( 66.67 % )
        Info: Total interconnect delay = 2.300 ns ( 33.33 % )
Info: Quartus II Classic Timing Analyzer was successful. 0 errors, 3 warnings
    Info: Peak virtual memory: 185 megabytes
    Info: Processing ended: Sat Mar 02 03:25:39 2024
    Info: Elapsed time: 00:00:02
    Info: Total CPU time (on all processors): 00:00:00


